{"/Users/camranrynowecer/Desktop/rithm/exercises/node_express_week6/express-biztime/app.js": {"path":"/Users/camranrynowecer/Desktop/rithm/exercises/node_express_week6/express-biztime/app.js","statementMap":{"0":{"start":{"line":5,"column":16},"end":{"line":5,"column":34}},"1":{"start":{"line":6,"column":26},"end":{"line":6,"column":51}},"2":{"start":{"line":8,"column":12},"end":{"line":8,"column":21}},"3":{"start":{"line":10,"column":0},"end":{"line":10,"column":24}},"4":{"start":{"line":13,"column":24},"end":{"line":13,"column":53}},"5":{"start":{"line":14,"column":0},"end":{"line":14,"column":39}},"6":{"start":{"line":16,"column":22},"end":{"line":16,"column":50}},"7":{"start":{"line":17,"column":0},"end":{"line":17,"column":36}},"8":{"start":{"line":21,"column":0},"end":{"line":23,"column":3}},"9":{"start":{"line":22,"column":2},"end":{"line":22,"column":28}},"10":{"start":{"line":26,"column":0},"end":{"line":31,"column":3}},"11":{"start":{"line":27,"column":17},"end":{"line":27,"column":34}},"12":{"start":{"line":28,"column":18},"end":{"line":28,"column":29}},"13":{"start":{"line":29,"column":2},"end":{"line":29,"column":72}},"14":{"start":{"line":29,"column":39},"end":{"line":29,"column":72}},"15":{"start":{"line":30,"column":2},"end":{"line":30,"column":65}},"16":{"start":{"line":33,"column":0},"end":{"line":33,"column":21}}},"fnMap":{"0":{"name":"(anonymous_0)","decl":{"start":{"line":21,"column":8},"end":{"line":21,"column":9}},"loc":{"start":{"line":21,"column":34},"end":{"line":23,"column":1}},"line":21},"1":{"name":"(anonymous_1)","decl":{"start":{"line":26,"column":8},"end":{"line":26,"column":9}},"loc":{"start":{"line":26,"column":39},"end":{"line":31,"column":1}},"line":26}},"branchMap":{"0":{"loc":{"start":{"line":27,"column":17},"end":{"line":27,"column":34}},"type":"binary-expr","locations":[{"start":{"line":27,"column":17},"end":{"line":27,"column":27}},{"start":{"line":27,"column":31},"end":{"line":27,"column":34}}],"line":27},"1":{"loc":{"start":{"line":29,"column":2},"end":{"line":29,"column":72}},"type":"if","locations":[{"start":{"line":29,"column":2},"end":{"line":29,"column":72}},{"start":{},"end":{}}],"line":29}},"s":{"0":2,"1":2,"2":2,"3":2,"4":2,"5":2,"6":2,"7":2,"8":2,"9":1,"10":2,"11":8,"12":8,"13":8,"14":0,"15":8,"16":2},"f":{"0":1,"1":8},"b":{"0":[8,0],"1":[0,8]},"_coverageSchema":"1a1c01bbd47fc00a2c39e90264f33305004495a9","hash":"12530d830710d49b871c51e943b0a6b0471f5389"}
,"/Users/camranrynowecer/Desktop/rithm/exercises/node_express_week6/express-biztime/db.js": {"path":"/Users/camranrynowecer/Desktop/rithm/exercises/node_express_week6/express-biztime/db.js","statementMap":{"0":{"start":{"line":5,"column":19},"end":{"line":5,"column":32}},"1":{"start":{"line":7,"column":15},"end":{"line":9,"column":27}},"2":{"start":{"line":11,"column":9},"end":{"line":13,"column":2}},"3":{"start":{"line":15,"column":0},"end":{"line":15,"column":13}},"4":{"start":{"line":17,"column":0},"end":{"line":17,"column":20}}},"fnMap":{},"branchMap":{"0":{"loc":{"start":{"line":7,"column":15},"end":{"line":9,"column":27}},"type":"cond-expr","locations":[{"start":{"line":8,"column":4},"end":{"line":8,"column":32}},{"start":{"line":9,"column":4},"end":{"line":9,"column":27}}],"line":7}},"s":{"0":2,"1":2,"2":2,"3":2,"4":2},"f":{},"b":{"0":[2,0]},"_coverageSchema":"1a1c01bbd47fc00a2c39e90264f33305004495a9","hash":"8dc5af83bc327b6906b761d2646924a50c4e73e5"}
,"/Users/camranrynowecer/Desktop/rithm/exercises/node_express_week6/express-biztime/expressError.js": {"path":"/Users/camranrynowecer/Desktop/rithm/exercises/node_express_week6/express-biztime/expressError.js","statementMap":{"0":{"start":{"line":11,"column":4},"end":{"line":11,"column":12}},"1":{"start":{"line":12,"column":4},"end":{"line":12,"column":27}},"2":{"start":{"line":13,"column":4},"end":{"line":13,"column":25}},"3":{"start":{"line":21,"column":4},"end":{"line":21,"column":24}},"4":{"start":{"line":29,"column":4},"end":{"line":29,"column":24}},"5":{"start":{"line":37,"column":4},"end":{"line":37,"column":24}},"6":{"start":{"line":45,"column":4},"end":{"line":45,"column":24}},"7":{"start":{"line":49,"column":0},"end":{"line":55,"column":2}}},"fnMap":{"0":{"name":"(anonymous_0)","decl":{"start":{"line":10,"column":2},"end":{"line":10,"column":3}},"loc":{"start":{"line":10,"column":31},"end":{"line":14,"column":3}},"line":10},"1":{"name":"(anonymous_1)","decl":{"start":{"line":20,"column":2},"end":{"line":20,"column":3}},"loc":{"start":{"line":20,"column":37},"end":{"line":22,"column":3}},"line":20},"2":{"name":"(anonymous_2)","decl":{"start":{"line":28,"column":2},"end":{"line":28,"column":3}},"loc":{"start":{"line":28,"column":40},"end":{"line":30,"column":3}},"line":28},"3":{"name":"(anonymous_3)","decl":{"start":{"line":36,"column":2},"end":{"line":36,"column":3}},"loc":{"start":{"line":36,"column":39},"end":{"line":38,"column":3}},"line":36},"4":{"name":"(anonymous_4)","decl":{"start":{"line":44,"column":2},"end":{"line":44,"column":3}},"loc":{"start":{"line":44,"column":39},"end":{"line":46,"column":3}},"line":44}},"branchMap":{"0":{"loc":{"start":{"line":20,"column":14},"end":{"line":20,"column":35}},"type":"default-arg","locations":[{"start":{"line":20,"column":24},"end":{"line":20,"column":35}}],"line":20},"1":{"loc":{"start":{"line":28,"column":14},"end":{"line":28,"column":38}},"type":"default-arg","locations":[{"start":{"line":28,"column":24},"end":{"line":28,"column":38}}],"line":28},"2":{"loc":{"start":{"line":36,"column":14},"end":{"line":36,"column":37}},"type":"default-arg","locations":[{"start":{"line":36,"column":24},"end":{"line":36,"column":37}}],"line":36},"3":{"loc":{"start":{"line":44,"column":14},"end":{"line":44,"column":37}},"type":"default-arg","locations":[{"start":{"line":44,"column":24},"end":{"line":44,"column":37}}],"line":44}},"s":{"0":8,"1":8,"2":8,"3":4,"4":0,"5":4,"6":0,"7":2},"f":{"0":8,"1":4,"2":0,"3":4,"4":0},"b":{"0":[3],"1":[0],"2":[4],"3":[0]},"_coverageSchema":"1a1c01bbd47fc00a2c39e90264f33305004495a9","hash":"2a5dd205bcc5f59c1f857ae8ed3b5f88ba555fb7"}
,"/Users/camranrynowecer/Desktop/rithm/exercises/node_express_week6/express-biztime/routes/companies.js": {"path":"/Users/camranrynowecer/Desktop/rithm/exercises/node_express_week6/express-biztime/routes/companies.js","statementMap":{"0":{"start":{"line":3,"column":16},"end":{"line":3,"column":34}},"1":{"start":{"line":5,"column":11},"end":{"line":5,"column":27}},"2":{"start":{"line":10,"column":22},"end":{"line":10,"column":48}},"3":{"start":{"line":12,"column":15},"end":{"line":12,"column":35}},"4":{"start":{"line":17,"column":0},"end":{"line":23,"column":3}},"5":{"start":{"line":18,"column":18},"end":{"line":20,"column":25}},"6":{"start":{"line":21,"column":20},"end":{"line":21,"column":32}},"7":{"start":{"line":22,"column":2},"end":{"line":22,"column":44}},"8":{"start":{"line":32,"column":0},"end":{"line":48,"column":5}},"9":{"start":{"line":34,"column":17},"end":{"line":34,"column":32}},"10":{"start":{"line":36,"column":20},"end":{"line":39,"column":33}},"11":{"start":{"line":41,"column":4},"end":{"line":43,"column":5}},"12":{"start":{"line":42,"column":6},"end":{"line":42,"column":32}},"13":{"start":{"line":45,"column":20},"end":{"line":45,"column":35}},"14":{"start":{"line":47,"column":4},"end":{"line":47,"column":42}},"15":{"start":{"line":60,"column":0},"end":{"line":73,"column":3}},"16":{"start":{"line":61,"column":2},"end":{"line":61,"column":45}},"17":{"start":{"line":61,"column":17},"end":{"line":61,"column":45}},"18":{"start":{"line":63,"column":38},"end":{"line":63,"column":46}},"19":{"start":{"line":64,"column":17},"end":{"line":69,"column":3}},"20":{"start":{"line":71,"column":18},"end":{"line":71,"column":32}},"21":{"start":{"line":72,"column":2},"end":{"line":72,"column":52}},"22":{"start":{"line":86,"column":0},"end":{"line":106,"column":3}},"23":{"start":{"line":87,"column":2},"end":{"line":87,"column":58}},"24":{"start":{"line":87,"column":30},"end":{"line":87,"column":58}},"25":{"start":{"line":88,"column":32},"end":{"line":88,"column":40}},"26":{"start":{"line":89,"column":15},"end":{"line":89,"column":30}},"27":{"start":{"line":91,"column":17},"end":{"line":98,"column":3}},"28":{"start":{"line":100,"column":2},"end":{"line":102,"column":3}},"29":{"start":{"line":101,"column":4},"end":{"line":101,"column":30}},"30":{"start":{"line":104,"column":18},"end":{"line":104,"column":32}},"31":{"start":{"line":105,"column":2},"end":{"line":105,"column":40}},"32":{"start":{"line":114,"column":0},"end":{"line":128,"column":3}},"33":{"start":{"line":115,"column":15},"end":{"line":115,"column":30}},"34":{"start":{"line":117,"column":17},"end":{"line":121,"column":3}},"35":{"start":{"line":123,"column":2},"end":{"line":125,"column":3}},"36":{"start":{"line":124,"column":4},"end":{"line":124,"column":30}},"37":{"start":{"line":127,"column":2},"end":{"line":127,"column":41}},"38":{"start":{"line":130,"column":0},"end":{"line":130,"column":24}}},"fnMap":{"0":{"name":"(anonymous_0)","decl":{"start":{"line":17,"column":16},"end":{"line":17,"column":17}},"loc":{"start":{"line":17,"column":48},"end":{"line":23,"column":1}},"line":17},"1":{"name":"(anonymous_1)","decl":{"start":{"line":33,"column":2},"end":{"line":33,"column":3}},"loc":{"start":{"line":33,"column":34},"end":{"line":48,"column":3}},"line":33},"2":{"name":"(anonymous_2)","decl":{"start":{"line":60,"column":17},"end":{"line":60,"column":18}},"loc":{"start":{"line":60,"column":49},"end":{"line":73,"column":1}},"line":60},"3":{"name":"(anonymous_3)","decl":{"start":{"line":86,"column":21},"end":{"line":86,"column":22}},"loc":{"start":{"line":86,"column":53},"end":{"line":106,"column":1}},"line":86},"4":{"name":"(anonymous_4)","decl":{"start":{"line":114,"column":24},"end":{"line":114,"column":25}},"loc":{"start":{"line":114,"column":56},"end":{"line":128,"column":1}},"line":114}},"branchMap":{"0":{"loc":{"start":{"line":41,"column":4},"end":{"line":43,"column":5}},"type":"if","locations":[{"start":{"line":41,"column":4},"end":{"line":43,"column":5}},{"start":{},"end":{}}],"line":41},"1":{"loc":{"start":{"line":61,"column":2},"end":{"line":61,"column":45}},"type":"if","locations":[{"start":{"line":61,"column":2},"end":{"line":61,"column":45}},{"start":{},"end":{}}],"line":61},"2":{"loc":{"start":{"line":87,"column":2},"end":{"line":87,"column":58}},"type":"if","locations":[{"start":{"line":87,"column":2},"end":{"line":87,"column":58}},{"start":{},"end":{}}],"line":87},"3":{"loc":{"start":{"line":100,"column":2},"end":{"line":102,"column":3}},"type":"if","locations":[{"start":{"line":100,"column":2},"end":{"line":102,"column":3}},{"start":{},"end":{}}],"line":100},"4":{"loc":{"start":{"line":123,"column":2},"end":{"line":125,"column":3}},"type":"if","locations":[{"start":{"line":123,"column":2},"end":{"line":125,"column":3}},{"start":{},"end":{}}],"line":123}},"s":{"0":2,"1":2,"2":2,"3":2,"4":2,"5":1,"6":1,"7":1,"8":2,"9":2,"10":2,"11":2,"12":1,"13":1,"14":1,"15":2,"16":3,"17":2,"18":1,"19":1,"20":1,"21":1,"22":2,"23":3,"24":1,"25":2,"26":2,"27":2,"28":2,"29":1,"30":1,"31":1,"32":2,"33":1,"34":1,"35":1,"36":0,"37":1,"38":2},"f":{"0":1,"1":2,"2":3,"3":3,"4":1},"b":{"0":[1,1],"1":[2,1],"2":[1,2],"3":[1,1],"4":[0,1]},"_coverageSchema":"1a1c01bbd47fc00a2c39e90264f33305004495a9","hash":"f9883b89ab5458e45e600b45f9790b2256c680f9"}
,"/Users/camranrynowecer/Desktop/rithm/exercises/node_express_week6/express-biztime/routes/invoices.js": {"path":"/Users/camranrynowecer/Desktop/rithm/exercises/node_express_week6/express-biztime/routes/invoices.js","statementMap":{"0":{"start":{"line":3,"column":16},"end":{"line":3,"column":34}},"1":{"start":{"line":5,"column":11},"end":{"line":5,"column":27}},"2":{"start":{"line":12,"column":4},"end":{"line":12,"column":30}},"3":{"start":{"line":14,"column":15},"end":{"line":14,"column":35}},"4":{"start":{"line":19,"column":0},"end":{"line":26,"column":3}},"5":{"start":{"line":20,"column":18},"end":{"line":23,"column":3}},"6":{"start":{"line":24,"column":19},"end":{"line":24,"column":31}},"7":{"start":{"line":25,"column":2},"end":{"line":25,"column":42}},"8":{"start":{"line":36,"column":0},"end":{"line":65,"column":3}},"9":{"start":{"line":37,"column":13},"end":{"line":37,"column":26}},"10":{"start":{"line":39,"column":18},"end":{"line":45,"column":3}},"11":{"start":{"line":46,"column":18},"end":{"line":46,"column":33}},"12":{"start":{"line":48,"column":2},"end":{"line":50,"column":3}},"13":{"start":{"line":49,"column":4},"end":{"line":49,"column":32}},"14":{"start":{"line":52,"column":18},"end":{"line":58,"column":3}},"15":{"start":{"line":60,"column":18},"end":{"line":60,"column":33}},"16":{"start":{"line":62,"column":2},"end":{"line":62,"column":28}},"17":{"start":{"line":64,"column":2},"end":{"line":64,"column":40}},"18":{"start":{"line":75,"column":0},"end":{"line":89,"column":3}},"19":{"start":{"line":76,"column":2},"end":{"line":76,"column":45}},"20":{"start":{"line":76,"column":17},"end":{"line":76,"column":45}},"21":{"start":{"line":78,"column":29},"end":{"line":78,"column":37}},"22":{"start":{"line":80,"column":17},"end":{"line":85,"column":3}},"23":{"start":{"line":86,"column":18},"end":{"line":86,"column":32}},"24":{"start":{"line":88,"column":2},"end":{"line":88,"column":52}},"25":{"start":{"line":101,"column":0},"end":{"line":122,"column":3}},"26":{"start":{"line":102,"column":2},"end":{"line":102,"column":45}},"27":{"start":{"line":102,"column":17},"end":{"line":102,"column":45}},"28":{"start":{"line":104,"column":18},"end":{"line":104,"column":26}},"29":{"start":{"line":105,"column":13},"end":{"line":105,"column":26}},"30":{"start":{"line":107,"column":17},"end":{"line":113,"column":3}},"31":{"start":{"line":115,"column":2},"end":{"line":117,"column":3}},"32":{"start":{"line":116,"column":4},"end":{"line":116,"column":30}},"33":{"start":{"line":119,"column":18},"end":{"line":119,"column":32}},"34":{"start":{"line":121,"column":2},"end":{"line":121,"column":40}},"35":{"start":{"line":130,"column":0},"end":{"line":144,"column":3}},"36":{"start":{"line":131,"column":13},"end":{"line":131,"column":26}},"37":{"start":{"line":133,"column":17},"end":{"line":137,"column":3}},"38":{"start":{"line":139,"column":2},"end":{"line":141,"column":3}},"39":{"start":{"line":140,"column":4},"end":{"line":140,"column":30}},"40":{"start":{"line":143,"column":2},"end":{"line":143,"column":41}},"41":{"start":{"line":148,"column":0},"end":{"line":148,"column":24}}},"fnMap":{"0":{"name":"(anonymous_0)","decl":{"start":{"line":19,"column":16},"end":{"line":19,"column":17}},"loc":{"start":{"line":19,"column":48},"end":{"line":26,"column":1}},"line":19},"1":{"name":"(anonymous_1)","decl":{"start":{"line":36,"column":19},"end":{"line":36,"column":20}},"loc":{"start":{"line":36,"column":51},"end":{"line":65,"column":1}},"line":36},"2":{"name":"(anonymous_2)","decl":{"start":{"line":75,"column":17},"end":{"line":75,"column":18}},"loc":{"start":{"line":75,"column":49},"end":{"line":89,"column":1}},"line":75},"3":{"name":"(anonymous_3)","decl":{"start":{"line":101,"column":19},"end":{"line":101,"column":20}},"loc":{"start":{"line":101,"column":51},"end":{"line":122,"column":1}},"line":101},"4":{"name":"(anonymous_4)","decl":{"start":{"line":130,"column":22},"end":{"line":130,"column":23}},"loc":{"start":{"line":130,"column":54},"end":{"line":144,"column":1}},"line":130}},"branchMap":{"0":{"loc":{"start":{"line":48,"column":2},"end":{"line":50,"column":3}},"type":"if","locations":[{"start":{"line":48,"column":2},"end":{"line":50,"column":3}},{"start":{},"end":{}}],"line":48},"1":{"loc":{"start":{"line":76,"column":2},"end":{"line":76,"column":45}},"type":"if","locations":[{"start":{"line":76,"column":2},"end":{"line":76,"column":45}},{"start":{},"end":{}}],"line":76},"2":{"loc":{"start":{"line":102,"column":2},"end":{"line":102,"column":45}},"type":"if","locations":[{"start":{"line":102,"column":2},"end":{"line":102,"column":45}},{"start":{},"end":{}}],"line":102},"3":{"loc":{"start":{"line":115,"column":2},"end":{"line":117,"column":3}},"type":"if","locations":[{"start":{"line":115,"column":2},"end":{"line":117,"column":3}},{"start":{},"end":{}}],"line":115},"4":{"loc":{"start":{"line":139,"column":2},"end":{"line":141,"column":3}},"type":"if","locations":[{"start":{"line":139,"column":2},"end":{"line":141,"column":3}},{"start":{},"end":{}}],"line":139}},"s":{"0":2,"1":2,"2":2,"3":2,"4":2,"5":1,"6":1,"7":1,"8":2,"9":2,"10":2,"11":2,"12":2,"13":1,"14":1,"15":1,"16":1,"17":1,"18":2,"19":1,"20":0,"21":1,"22":1,"23":1,"24":1,"25":2,"26":2,"27":1,"28":1,"29":1,"30":1,"31":1,"32":0,"33":1,"34":1,"35":2,"36":1,"37":1,"38":1,"39":0,"40":1,"41":2},"f":{"0":1,"1":2,"2":1,"3":2,"4":1},"b":{"0":[1,1],"1":[0,1],"2":[1,1],"3":[0,1],"4":[0,1]},"_coverageSchema":"1a1c01bbd47fc00a2c39e90264f33305004495a9","hash":"8fe369cd8745e7728fbe5fd2ca8c23a8c657e95e"}
}
