TN:
SF:app.js
FN:21,(anonymous_0)
FN:26,(anonymous_1)
FNF:2
FNH:2
FNDA:1,(anonymous_0)
FNDA:8,(anonymous_1)
DA:5,2
DA:6,2
DA:8,2
DA:10,2
DA:13,2
DA:14,2
DA:16,2
DA:17,2
DA:21,2
DA:22,1
DA:26,2
DA:27,8
DA:28,8
DA:29,8
DA:30,8
DA:33,2
LF:16
LH:16
BRDA:27,0,0,8
BRDA:27,0,1,0
BRDA:29,1,0,0
BRDA:29,1,1,8
BRF:4
BRH:2
end_of_record
TN:
SF:db.js
FNF:0
FNH:0
DA:5,2
DA:7,2
DA:11,2
DA:15,2
DA:17,2
LF:5
LH:5
BRDA:7,0,0,2
BRDA:7,0,1,0
BRF:2
BRH:1
end_of_record
TN:
SF:expressError.js
FN:10,(anonymous_0)
FN:20,(anonymous_1)
FN:28,(anonymous_2)
FN:36,(anonymous_3)
FN:44,(anonymous_4)
FNF:5
FNH:3
FNDA:8,(anonymous_0)
FNDA:4,(anonymous_1)
FNDA:0,(anonymous_2)
FNDA:4,(anonymous_3)
FNDA:0,(anonymous_4)
DA:11,8
DA:12,8
DA:13,8
DA:21,4
DA:29,0
DA:37,4
DA:45,0
DA:49,2
LF:8
LH:6
BRDA:20,0,0,3
BRDA:28,1,0,0
BRDA:36,2,0,4
BRDA:44,3,0,0
BRF:4
BRH:2
end_of_record
TN:
SF:routes/companies.js
FN:17,(anonymous_0)
FN:33,(anonymous_1)
FN:60,(anonymous_2)
FN:86,(anonymous_3)
FN:114,(anonymous_4)
FNF:5
FNH:5
FNDA:1,(anonymous_0)
FNDA:2,(anonymous_1)
FNDA:3,(anonymous_2)
FNDA:3,(anonymous_3)
FNDA:1,(anonymous_4)
DA:3,2
DA:5,2
DA:10,2
DA:12,2
DA:17,2
DA:18,1
DA:21,1
DA:22,1
DA:32,2
DA:34,2
DA:36,2
DA:41,2
DA:42,1
DA:45,1
DA:47,1
DA:60,2
DA:61,3
DA:63,1
DA:64,1
DA:71,1
DA:72,1
DA:86,2
DA:87,3
DA:88,2
DA:89,2
DA:91,2
DA:100,2
DA:101,1
DA:104,1
DA:105,1
DA:114,2
DA:115,1
DA:117,1
DA:123,1
DA:124,0
DA:127,1
DA:130,2
LF:37
LH:36
BRDA:41,0,0,1
BRDA:41,0,1,1
BRDA:61,1,0,2
BRDA:61,1,1,1
BRDA:87,2,0,1
BRDA:87,2,1,2
BRDA:100,3,0,1
BRDA:100,3,1,1
BRDA:123,4,0,0
BRDA:123,4,1,1
BRF:10
BRH:9
end_of_record
TN:
SF:routes/invoices.js
FN:19,(anonymous_0)
FN:36,(anonymous_1)
FN:75,(anonymous_2)
FN:101,(anonymous_3)
FN:130,(anonymous_4)
FNF:5
FNH:5
FNDA:1,(anonymous_0)
FNDA:2,(anonymous_1)
FNDA:1,(anonymous_2)
FNDA:2,(anonymous_3)
FNDA:1,(anonymous_4)
DA:3,2
DA:5,2
DA:12,2
DA:14,2
DA:19,2
DA:20,1
DA:24,1
DA:25,1
DA:36,2
DA:37,2
DA:39,2
DA:46,2
DA:48,2
DA:49,1
DA:52,1
DA:60,1
DA:62,1
DA:64,1
DA:75,2
DA:76,1
DA:78,1
DA:80,1
DA:86,1
DA:88,1
DA:101,2
DA:102,2
DA:104,1
DA:105,1
DA:107,1
DA:115,1
DA:116,0
DA:119,1
DA:121,1
DA:130,2
DA:131,1
DA:133,1
DA:139,1
DA:140,0
DA:143,1
DA:148,2
LF:40
LH:38
BRDA:48,0,0,1
BRDA:48,0,1,1
BRDA:76,1,0,0
BRDA:76,1,1,1
BRDA:102,2,0,1
BRDA:102,2,1,1
BRDA:115,3,0,0
BRDA:115,3,1,1
BRDA:139,4,0,0
BRDA:139,4,1,1
BRF:10
BRH:7
end_of_record
